<?xml version="1.0" encoding="UTF-8"?>
<!-- Generated by org.testng.reporters.JUnitXMLReporter -->
<testsuite hostname="Vikram" name="Default test" tests="6" failures="0" timestamp="11 Oct 2020 10:44:35 GMT" time="61.921" errors="0">
  <testcase name="loginPage" time="3.583" classname="com.qa.demoshop.testcases.TestCasesExecution"/>
  <testcase name="clickOnBook" time="7.294" classname="com.qa.demoshop.testcases.TestCasesExecution"/>
  <testcase name="clickOnAddToCart" time="0.379" classname="com.qa.demoshop.testcases.TestCasesExecution"/>
  <testcase name="validateProduct" time="0.223" classname="com.qa.demoshop.testcases.TestCasesExecution"/>
  <testcase name="shopCart" time="4.119" classname="com.qa.demoshop.testcases.TestCasesExecution"/>
  <testcase name="dropDownAddress" time="8.339" classname="com.qa.demoshop.testcases.TestCasesExecution"/>
</testsuite> <!-- Default test -->
